# JRE version: OpenJDK Runtime Environment (8.0_242-b01) (build 1.8.0_242-release-1644-b01)
# Java VM: OpenJDK 64-Bit Server VM (25.242-b01 mixed mode windows-amd64 compressed oops)
Heap:
 PSYoungGen      total 257536K, used 5807K [0x00000000e0000000, 0x00000000f1180000, 0x0000000100000000)
  eden space 236032K, 2% used [0x00000000e0000000,0x00000000e04b67a0,0x00000000ee680000)
  from space 21504K, 4% used [0x00000000efc80000,0x00000000efd75648,0x00000000f1180000)
  to   space 22016K, 0% used [0x00000000ee680000,0x00000000ee680000,0x00000000efc00000)
 ParOldGen       total 133632K, used 116873K [0x00000000a0000000, 0x00000000a8280000, 0x00000000e0000000)
  object space 133632K, 87% used [0x00000000a0000000,0x00000000a72224b0,0x00000000a8280000)
 Metaspace       used 103960K, capacity 107388K, committed 107544K, reserved 1142784K
  class space    used 12791K, capacity 13481K, committed 13608K, reserved 1048576K
GC Heap History (10 events):
Event: 2505.165 GC heap before
{Heap before GC invocations=50 (full 4):
 PSYoungGen      total 178688K, used 153728K [0x00000000e0000000, 0x00000000edf00000, 0x0000000100000000)
  eden space 150528K, 100% used [0x00000000e0000000,0x00000000e9300000,0x00000000e9300000)
  from space 28160K, 11% used [0x00000000e9300000,0x00000000e9620020,0x00000000eae80000)
  to   space 27136K, 0% used [0x00000000ec480000,0x00000000ec480000,0x00000000edf00000)
 ParOldGen       total 133632K, used 105289K [0x00000000a0000000, 0x00000000a8280000, 0x00000000e0000000)
  object space 133632K, 78% used [0x00000000a0000000,0x00000000a66d24c8,0x00000000a8280000)
 Metaspace       used 103820K, capacity 107244K, committed 107544K, reserved 1142784K
  class space    used 12789K, capacity 13481K, committed 13608K, reserved 1048576K
Event: 2505.193 GC heap after
Heap after GC invocations=50 (full 4):
 PSYoungGen      total 201728K, used 2848K [0x00000000e0000000, 0x00000000ede80000, 0x0000000100000000)
  eden space 175104K, 0% used [0x00000000e0000000,0x00000000e0000000,0x00000000eab00000)
  from space 26624K, 10% used [0x00000000ec480000,0x00000000ec748010,0x00000000ede80000)
  to   space 26112K, 0% used [0x00000000eab00000,0x00000000eab00000,0x00000000ec480000)
 ParOldGen       total 133632K, used 108497K [0x00000000a0000000, 0x00000000a8280000, 0x00000000e0000000)
  object space 133632K, 81% used [0x00000000a0000000,0x00000000a69f44e8,0x00000000a8280000)
 Metaspace       used 103820K, capacity 107244K, committed 107544K, reserved 1142784K
  class space    used 12789K, capacity 13481K, committed 13608K, reserved 1048576K
}
Event: 2508.753 GC heap before
{Heap before GC invocations=51 (full 4):
 PSYoungGen      total 201728K, used 177952K [0x00000000e0000000, 0x00000000ede80000, 0x0000000100000000)
  eden space 175104K, 100% used [0x00000000e0000000,0x00000000eab00000,0x00000000eab00000)
  from space 26624K, 10% used [0x00000000ec480000,0x00000000ec748010,0x00000000ede80000)
  to   space 26112K, 0% used [0x00000000eab00000,0x00000000eab00000,0x00000000ec480000)
 ParOldGen       total 133632K, used 108497K [0x00000000a0000000, 0x00000000a8280000, 0x00000000e0000000)
  object space 133632K, 81% used [0x00000000a0000000,0x00000000a69f44e8,0x00000000a8280000)
 Metaspace       used 103895K, capacity 107384K, committed 107544K, reserved 1142784K
  class space    used 12789K, capacity 13481K, committed 13608K, reserved 1048576K
Event: 2508.808 GC heap after
Heap after GC invocations=51 (full 4):
 PSYoungGen      total 201216K, used 5244K [0x00000000e0000000, 0x00000000ef880000, 0x0000000100000000)
  eden space 175104K, 0% used [0x00000000e0000000,0x00000000e0000000,0x00000000eab00000)
  from space 26112K, 20% used [0x00000000eab00000,0x00000000eb01f050,0x00000000ec480000)
  to   space 24576K, 0% used [0x00000000ee080000,0x00000000ee080000,0x00000000ef880000)
 ParOldGen       total 133632K, used 110615K [0x00000000a0000000, 0x00000000a8280000, 0x00000000e0000000)
  object space 133632K, 82% used [0x00000000a0000000,0x00000000a6c05c48,0x00000000a8280000)
 Metaspace       used 103895K, capacity 107384K, committed 107544K, reserved 1142784K
  class space    used 12789K, capacity 13481K, committed 13608K, reserved 1048576K
}
Event: 2512.666 GC heap before
{Heap before GC invocations=52 (full 4):
 PSYoungGen      total 201216K, used 180348K [0x00000000e0000000, 0x00000000ef880000, 0x0000000100000000)
  eden space 175104K, 100% used [0x00000000e0000000,0x00000000eab00000,0x00000000eab00000)
  from space 26112K, 20% used [0x00000000eab00000,0x00000000eb01f050,0x00000000ec480000)
  to   space 24576K, 0% used [0x00000000ee080000,0x00000000ee080000,0x00000000ef880000)
 ParOldGen       total 133632K, used 110615K [0x00000000a0000000, 0x00000000a8280000, 0x00000000e0000000)
  object space 133632K, 82% used [0x00000000a0000000,0x00000000a6c05c48,0x00000000a8280000)
 Metaspace       used 103908K, capacity 107384K, committed 107544K, reserved 1142784K
  class space    used 12789K, capacity 13481K, committed 13608K, reserved 1048576K
Event: 2512.686 GC heap after
Heap after GC invocations=52 (full 4):
 PSYoungGen      total 226816K, used 1760K [0x00000000e0000000, 0x00000000ef680000, 0x0000000100000000)
  eden space 204288K, 0% used [0x00000000e0000000,0x00000000e0000000,0x00000000ec780000)
  from space 22528K, 7% used [0x00000000ee080000,0x00000000ee238010,0x00000000ef680000)
  to   space 24064K, 0% used [0x00000000ec780000,0x00000000ec780000,0x00000000edf00000)
 ParOldGen       total 133632K, used 114803K [0x00000000a0000000, 0x00000000a8280000, 0x00000000e0000000)
  object space 133632K, 85% used [0x00000000a0000000,0x00000000a701cdb8,0x00000000a8280000)
 Metaspace       used 103908K, capacity 107384K, committed 107544K, reserved 1142784K
  class space    used 12789K, capacity 13481K, committed 13608K, reserved 1048576K
}
Event: 2516.425 GC heap before
{Heap before GC invocations=53 (full 4):
 PSYoungGen      total 226816K, used 206048K [0x00000000e0000000, 0x00000000ef680000, 0x0000000100000000)
  eden space 204288K, 100% used [0x00000000e0000000,0x00000000ec780000,0x00000000ec780000)
  from space 22528K, 7% used [0x00000000ee080000,0x00000000ee238010,0x00000000ef680000)
  to   space 24064K, 0% used [0x00000000ec780000,0x00000000ec780000,0x00000000edf00000)
 ParOldGen       total 133632K, used 114803K [0x00000000a0000000, 0x00000000a8280000, 0x00000000e0000000)
  object space 133632K, 85% used [0x00000000a0000000,0x00000000a701cdb8,0x00000000a8280000)
 Metaspace       used 103949K, capacity 107388K, committed 107544K, reserved 1142784K
  class space    used 12791K, capacity 13481K, committed 13608K, reserved 1048576K
Event: 2516.441 GC heap after
Heap after GC invocations=53 (full 4):
 PSYoungGen      total 228352K, used 2871K [0x00000000e0000000, 0x00000000f1300000, 0x0000000100000000)
  eden space 204288K, 0% used [0x00000000e0000000,0x00000000e0000000,0x00000000ec780000)
  from space 24064K, 11% used [0x00000000ec780000,0x00000000eca4dd88,0x00000000edf00000)
  to   space 23040K, 0% used [0x00000000efc80000,0x00000000efc80000,0x00000000f1300000)
 ParOldGen       total 133632K, used 115799K [0x00000000a0000000, 0x00000000a8280000, 0x00000000e0000000)
  object space 133632K, 86% used [0x00000000a0000000,0x00000000a7115dd8,0x00000000a8280000)
 Metaspace       used 103949K, capacity 107388K, committed 107544K, reserved 1142784K
  class space    used 12791K, capacity 13481K, committed 13608K, reserved 1048576K
}
Event: 2519.587 GC heap before
{Heap before GC invocations=54 (full 4):
 PSYoungGen      total 228352K, used 207159K [0x00000000e0000000, 0x00000000f1300000, 0x0000000100000000)
  eden space 204288K, 100% used [0x00000000e0000000,0x00000000ec780000,0x00000000ec780000)
  from space 24064K, 11% used [0x00000000ec780000,0x00000000eca4dd88,0x00000000edf00000)
  to   space 23040K, 0% used [0x00000000efc80000,0x00000000efc80000,0x00000000f1300000)
 ParOldGen       total 133632K, used 115799K [0x00000000a0000000, 0x00000000a8280000, 0x00000000e0000000)
  object space 133632K, 86% used [0x00000000a0000000,0x00000000a7115dd8,0x00000000a8280000)
 Metaspace       used 103959K, capacity 107388K, committed 107544K, reserved 1142784K
  class space    used 12791K, capacity 13481K, committed 13608K, reserved 1048576K
Event: 2519.617 GC heap after
Heap after GC invocations=54 (full 4):
 PSYoungGen      total 257536K, used 981K [0x00000000e0000000, 0x00000000f1180000, 0x0000000100000000)
  eden space 236032K, 0% used [0x00000000e0000000,0x00000000e0000000,0x00000000ee680000)
  from space 21504K, 4% used [0x00000000efc80000,0x00000000efd75648,0x00000000f1180000)
  to   space 22016K, 0% used [0x00000000ee680000,0x00000000ee680000,0x00000000efc00000)
 ParOldGen       total 133632K, used 116873K [0x00000000a0000000, 0x00000000a8280000, 0x00000000e0000000)
  object space 133632K, 87% used [0x00000000a0000000,0x00000000a72224b0,0x00000000a8280000)
 Metaspace       used 103959K, capacity 107388K, committed 107544K, reserved 1142784K
  class space    used 12791K, capacity 13481K, committed 13608K, reserved 1048576K
}

